#
# There is insufficient memory for the Java Runtime Environment to continue.
# Native memory allocation (mmap) failed to map 2626158592 bytes for committing reserved memory.
# Possible reasons:
#   The system is out of physical RAM or swap space
#   In 32 bit mode, the process size limit was hit
# Possible solutions:
#   Reduce memory load on the system
#   Increase physical memory or swap space
#   Check if swap backing store is full
#   Use 64 bit Java on a 64 bit OS
#   Decrease Java heap size (-Xmx/-Xms)
#   Decrease number of Java threads
#   Decrease Java thread stack sizes (-Xss)
#   Set larger code cache with -XX:ReservedCodeCacheSize=
# This output file may be truncated or incomplete.
#
#  Out of Memory Error (os_linux.cpp:2627), pid=7830, tid=47846992447232
#
# JRE version: Java(TM) SE Runtime Environment (8.0_71-b15) (build 1.8.0_71-b15)
# Java VM: Java HotSpot(TM) 64-Bit Server VM (25.71-b15 mixed mode linux-amd64 )
# Failed to write core dump. Core dumps have been disabled. To enable core dumping, try "ulimit -c unlimited" before starting Java again
#

---------------  T H R E A D  ---------------

Current thread (0x00002b5d14089000):  VMThread [stack: 0x00002b843eed0000,0x00002b843efd1000] [id=7845]

Stack: [0x00002b843eed0000,0x00002b843efd1000],  sp=0x00002b843efcf180,  free space=1020k
Native frames: (J=compiled Java code, j=interpreted, Vv=VM code, C=native code)
V  [libjvm.so+0xaba71a]  VMError::report_and_die()+0x2ba
V  [libjvm.so+0x4f9ecb]  report_vm_out_of_memory(char const*, int, unsigned long, VMErrorType, char const*)+0x8b
V  [libjvm.so+0x91b553]  os::Linux::commit_memory_impl(char*, unsigned long, bool)+0x103
V  [libjvm.so+0x91baa9]  os::pd_commit_memory(char*, unsigned long, unsigned long, bool)+0x29
V  [libjvm.so+0x915dba]  os::commit_memory(char*, unsigned long, unsigned long, bool)+0x2a
V  [libjvm.so+0x989463]  PSVirtualSpace::expand_by(unsigned long)+0x53
V  [libjvm.so+0x979d50]  PSOldGen::expand(unsigned long)+0x170
V  [libjvm.so+0x979f5b]  PSOldGen::resize(unsigned long)+0x1cb
V  [libjvm.so+0x981c31]  PSParallelCompact::invoke_no_policy(bool)+0x991
V  [libjvm.so+0x98758d]  PSScavenge::invoke()+0x1ad
V  [libjvm.so+0x93f1b0]  ParallelScavengeHeap::failed_mem_allocate(unsigned long)+0x70
V  [libjvm.so+0xabc137]  VM_ParallelGCFailedAllocation::doit()+0x97
V  [libjvm.so+0xac3b65]  VM_Operation::evaluate()+0x55
V  [libjvm.so+0xac1f3a]  VMThread::evaluate_operation(VM_Operation*)+0xba
V  [libjvm.so+0xac22be]  VMThread::loop()+0x1ce
V  [libjvm.so+0xac2730]  VMThread::run()+0x70
V  [libjvm.so+0x91d918]  java_start(Thread*)+0x108

VM_Operation (0x00002b5d13bd44e0): ParallelGCFailedAllocation, mode: safepoint, requested by thread 0x00002b5d14008800


---------------  P R O C E S S  ---------------

Java Threads: ( => current thread )
  0x00002b5d140ee000 JavaThread "Service Thread" daemon [_thread_blocked, id=7861, stack(0x00002b5d27814000,0x00002b5d27915000)]
  0x00002b5d140eb000 JavaThread "C1 CompilerThread11" daemon [_thread_blocked, id=7860, stack(0x00002b8464808000,0x00002b8464909000)]
  0x00002b5d140e9000 JavaThread "C1 CompilerThread10" daemon [_thread_blocked, id=7859, stack(0x00002b8464707000,0x00002b8464808000)]
  0x00002b5d140e7000 JavaThread "C1 CompilerThread9" daemon [_thread_blocked, id=7858, stack(0x00002b8464606000,0x00002b8464707000)]
  0x00002b5d140e4800 JavaThread "C1 CompilerThread8" daemon [_thread_blocked, id=7857, stack(0x00002b8464505000,0x00002b8464606000)]
  0x00002b5d140e2800 JavaThread "C2 CompilerThread7" daemon [_thread_blocked, id=7856, stack(0x00002b8464404000,0x00002b8464505000)]
  0x00002b5d140e0000 JavaThread "C2 CompilerThread6" daemon [_thread_blocked, id=7855, stack(0x00002b8464303000,0x00002b8464404000)]
  0x00002b5d140de000 JavaThread "C2 CompilerThread5" daemon [_thread_blocked, id=7854, stack(0x00002b8464202000,0x00002b8464303000)]
  0x00002b5d140d4000 JavaThread "C2 CompilerThread4" daemon [_thread_blocked, id=7853, stack(0x00002b8464101000,0x00002b8464202000)]
  0x00002b5d140d1800 JavaThread "C2 CompilerThread3" daemon [_thread_blocked, id=7852, stack(0x00002b8464000000,0x00002b8464101000)]
  0x00002b5d140cf800 JavaThread "C2 CompilerThread2" daemon [_thread_blocked, id=7851, stack(0x00002b8452194000,0x00002b8452295000)]
  0x00002b5d140cd800 JavaThread "C2 CompilerThread1" daemon [_thread_blocked, id=7850, stack(0x00002b8452093000,0x00002b8452194000)]
  0x00002b5d140ca800 JavaThread "C2 CompilerThread0" daemon [_thread_blocked, id=7849, stack(0x00002b8451f92000,0x00002b8452093000)]
  0x00002b5d140c9000 JavaThread "Signal Dispatcher" daemon [_thread_blocked, id=7848, stack(0x00002b8451e91000,0x00002b8451f92000)]
  0x00002b5d14090800 JavaThread "Finalizer" daemon [_thread_blocked, id=7847, stack(0x00002b843f0d2000,0x00002b843f1d3000)]
  0x00002b5d1408e800 JavaThread "Reference Handler" daemon [_thread_blocked, id=7846, stack(0x00002b843efd1000,0x00002b843f0d2000)]
  0x00002b5d14008800 JavaThread "main" [_thread_blocked, id=7831, stack(0x00002b5d13ad5000,0x00002b5d13bd6000)]

Other Threads:
=>0x00002b5d14089000 VMThread [stack: 0x00002b843eed0000,0x00002b843efd1000] [id=7845]
  0x00002b5d140f1000 WatcherThread [stack: 0x00002b82c7b0e000,0x00002b82c7c0f000] [id=7862]

VM state:at safepoint (normal execution)

VM Mutex/Monitor currently owned by a thread:  ([mutex/lock_event])
[0x00002b5d140057e0] ExpandHeap_lock - owner thread: 0x00002b5d14089000
[0x00002b5d14005e60] Threads_lock - owner thread: 0x00002b5d14089000
[0x00002b5d14006360] Heap_lock - owner thread: 0x00002b5d14008800

Heap:
 PSYoungGen      total 51654656K, used 56552K [0x00002b7627a00000, 0x00002b82a7a00000, 0x00002b82a7a00000)
  eden space 50874368K, 0% used [0x00002b7627a00000,0x00002b7627a00000,0x00002b8248c00000)
  from space 780288K, 7% used [0x00002b8278000000,0x00002b827b73a048,0x00002b82a7a00000)
  to   space 774144K, 0% used [0x00002b8248c00000,0x00002b8248c00000,0x00002b8278000000)
 ParOldGen       total 10989056K, used 10988704K [0x00002b5d27a00000, 0x00002b5fc6580000, 0x00002b7627a00000)
  object space 10989056K, 99% used [0x00002b5d27a00000,0x00002b5fc6528060,0x00002b5fc6580000)
 Metaspace       used 4082K, capacity 4432K, committed 4608K, reserved 8192K

Card table byte_map: [0x00002b82a7a00000,0x00002b82ba601000] byte_map_base: 0x00002b6cf90c3000

Marking Bits: (ParMarkBitMap*) 0x00002b5d13aa9fc0
 Begin Bits: [0x00002b82fc000000, 0x00002b8392000000)
 End Bits:   [0x00002b8392000000, 0x00002b8428000000)

Polling page: 0x00002b5d1822c000

CodeCache: size=245760Kb used=4814Kb max_used=4828Kb free=240946Kb
 bounds [0x00002b5d18454000, 0x00002b5d18914000, 0x00002b5d27454000]
 total_blobs=744 nmethods=483 adapters=172
 compilation: enabled

Compilation events (10 events):
Event: 22.574 Thread 0x00002b5d140e0000  479 %     4       cc.mallet.types.InstanceList::addThruPipe @ 9 (36 bytes)
Event: 22.590 Thread 0x00002b5d140e0000 nmethod 479% 0x00002b5d18907ad0 code [0x00002b5d18907ca0, 0x00002b5d18908698]
Event: 76.792 Thread 0x00002b5d140e4800  480       3       org.tartarus.snowball.ext.englishStemmer::r_Step_1c (118 bytes)
Event: 76.792 Thread 0x00002b5d140e4800 nmethod 480 0x00002b5d18907050 code [0x00002b5d18907220, 0x00002b5d18907968]
Event: 76.819 Thread 0x00002b5d140d4000  481       4       org.tartarus.snowball.ext.englishStemmer::r_Step_1c (118 bytes)
Event: 76.830 Thread 0x00002b5d140d4000 nmethod 481 0x00002b5d18906310 code [0x00002b5d189064c0, 0x00002b5d18906b68]
Event: 466.215 Thread 0x00002b5d140e4800  482       3       cc.mallet.pipe.TokenSequenceRemoveStopwords::pipe (126 bytes)
Event: 466.219 Thread 0x00002b5d140e4800 nmethod 482 0x00002b5d1890ae10 code [0x00002b5d1890b120, 0x00002b5d1890ccb8]
Event: 466.330 Thread 0x00002b5d140de000  483       4       cc.mallet.pipe.TokenSequenceRemoveStopwords::pipe (126 bytes)
Event: 466.371 Thread 0x00002b5d140de000 nmethod 483 0x00002b5d1890dc10 code [0x00002b5d1890de00, 0x00002b5d1890eb08]

GC Heap History (10 events):
Event: 4943.918 GC heap after
Heap after GC invocations=165 (full 9):
 PSYoungGen      total 47709696K, used 401600K [0x00002b7627a00000, 0x00002b81ece80000, 0x00002b82a7a00000)
  eden space 47307776K, 0% used [0x00002b7627a00000,0x00002b7627a00000,0x00002b816f100000)
  from space 401920K, 99% used [0x00002b81d4600000,0x00002b81ece30000,0x00002b81ece80000)
  to   space 751616K, 0% used [0x00002b8191280000,0x00002b8191280000,0x00002b81bf080000)
 ParOldGen       total 10989056K, used 8823531K [0x00002b5d27a00000, 0x00002b5fc6580000, 0x00002b7627a00000)
  object space 10989056K, 80% used [0x00002b5d27a00000,0x00002b5f422bada0,0x00002b5fc6580000)
 Metaspace       used 4082K, capacity 4432K, committed 4608K, reserved 8192K
}
Event: 5132.002 GC heap before
{Heap before GC invocations=166 (full 9):
 PSYoungGen      total 47709696K, used 47709376K [0x00002b7627a00000, 0x00002b81ece80000, 0x00002b82a7a00000)
  eden space 47307776K, 100% used [0x00002b7627a00000,0x00002b816f100000,0x00002b816f100000)
  from space 401920K, 99% used [0x00002b81d4600000,0x00002b81ece30000,0x00002b81ece80000)
  to   space 751616K, 0% used [0x00002b8191280000,0x00002b8191280000,0x00002b81bf080000)
 ParOldGen       total 10989056K, used 8823531K [0x00002b5d27a00000, 0x00002b5fc6580000, 0x00002b7627a00000)
  object space 10989056K, 80% used [0x00002b5d27a00000,0x00002b5f422bada0,0x00002b5fc6580000)
 Metaspace       used 4082K, capacity 4432K, committed 4608K, reserved 8192K
Event: 5134.672 GC heap after
Heap after GC invocations=166 (full 9):
 PSYoungGen      total 48617984K, used 448832K [0x00002b7627a00000, 0x00002b82a7a00000, 0x00002b82a7a00000)
  eden space 47866368K, 0% used [0x00002b7627a00000,0x00002b7627a00000,0x00002b8191280000)
  from space 751616K, 59% used [0x00002b8191280000,0x00002b81ac8d0000,0x00002b81bf080000)
  to   space 736256K, 0% used [0x00002b827ab00000,0x00002b827ab00000,0x00002b82a7a00000)
 ParOldGen       total 10989056K, used 9225635K [0x00002b5d27a00000, 0x00002b5fc6580000, 0x00002b7627a00000)
  object space 10989056K, 83% used [0x00002b5d27a00000,0x00002b5f5ab68da0,0x00002b5fc6580000)
 Metaspace       used 4082K, capacity 4432K, committed 4608K, reserved 8192K
}
Event: 5374.220 GC heap before
{Heap before GC invocations=167 (full 9):
 PSYoungGen      total 48617984K, used 48315200K [0x00002b7627a00000, 0x00002b82a7a00000, 0x00002b82a7a00000)
  eden space 47866368K, 100% used [0x00002b7627a00000,0x00002b8191280000,0x00002b8191280000)
  from space 751616K, 59% used [0x00002b8191280000,0x00002b81ac8d0000,0x00002b81bf080000)
  to   space 736256K, 0% used [0x00002b827ab00000,0x00002b827ab00000,0x00002b82a7a00000)
 ParOldGen       total 10989056K, used 9225635K [0x00002b5d27a00000, 0x00002b5fc6580000, 0x00002b7627a00000)
  object space 10989056K, 83% used [0x00002b5d27a00000,0x00002b5f5ab68da0,0x00002b5fc6580000)
 Metaspace       used 4082K, capacity 4432K, committed 4608K, reserved 8192K
Event: 5379.223 GC heap after
Heap after GC invocations=167 (full 9):
 PSYoungGen      total 51621888K, used 437120K [0x00002b7627a00000, 0x00002b82a4400000, 0x00002b82a7a00000)
  eden space 50940928K, 0% used [0x00002b7627a00000,0x00002b7627a00000,0x00002b824cd00000)
  from space 680960K, 64% used [0x00002b827ab00000,0x00002b82955e0000,0x00002b82a4400000)
  to   space 716288K, 0% used [0x00002b824cd00000,0x00002b824cd00000,0x00002b8278880000)
 ParOldGen       total 10989056K, used 9675523K [0x00002b5d27a00000, 0x00002b5fc6580000, 0x00002b7627a00000)
  object space 10989056K, 88% used [0x00002b5d27a00000,0x00002b5f762c0da0,0x00002b5fc6580000)
 Metaspace       used 4082K, capacity 4432K, committed 4608K, reserved 8192K
}
Event: 5655.135 GC heap before
{Heap before GC invocations=168 (full 9):
 PSYoungGen      total 51621888K, used 51378048K [0x00002b7627a00000, 0x00002b82a4400000, 0x00002b82a7a00000)
  eden space 50940928K, 100% used [0x00002b7627a00000,0x00002b824cd00000,0x00002b824cd00000)
  from space 680960K, 64% used [0x00002b827ab00000,0x00002b82955e0000,0x00002b82a4400000)
  to   space 716288K, 0% used [0x00002b824cd00000,0x00002b824cd00000,0x00002b8278880000)
 ParOldGen       total 10989056K, used 9675523K [0x00002b5d27a00000, 0x00002b5fc6580000, 0x00002b7627a00000)
  object space 10989056K, 88% used [0x00002b5d27a00000,0x00002b5f762c0da0,0x00002b5fc6580000)
 Metaspace       used 4082K, capacity 4432K, committed 4608K, reserved 8192K
Event: 5657.579 GC heap after
Heap after GC invocations=168 (full 9):
 PSYoungGen      total 51648512K, used 707211K [0x00002b7627a00000, 0x00002b82a7a00000, 0x00002b82a7a00000)
  eden space 50940928K, 0% used [0x00002b7627a00000,0x00002b7627a00000,0x00002b824cd00000)
  from space 707584K, 99% used [0x00002b824cd00000,0x00002b8277fa2f30,0x00002b8278000000)
  to   space 780288K, 0% used [0x00002b8278000000,0x00002b8278000000,0x00002b82a7a00000)
 ParOldGen       total 10989056K, used 10113808K [0x00002b5d27a00000, 0x00002b5fc6580000, 0x00002b7627a00000)
  object space 10989056K, 92% used [0x00002b5d27a00000,0x00002b5f90ec43c0,0x00002b5fc6580000)
 Metaspace       used 4082K, capacity 4432K, committed 4608K, reserved 8192K
}
Event: 5997.007 GC heap before
{Heap before GC invocations=169 (full 9):
 PSYoungGen      total 51648512K, used 51648139K [0x00002b7627a00000, 0x00002b82a7a00000, 0x00002b82a7a00000)
  eden space 50940928K, 100% used [0x00002b7627a00000,0x00002b824cd00000,0x00002b824cd00000)
  from space 707584K, 99% used [0x00002b824cd00000,0x00002b8277fa2f30,0x00002b8278000000)
  to   space 780288K, 0% used [0x00002b8278000000,0x00002b8278000000,0x00002b82a7a00000)
 ParOldGen       total 10989056K, used 10113808K [0x00002b5d27a00000, 0x00002b5fc6580000, 0x00002b7627a00000)
  object space 10989056K, 92% used [0x00002b5d27a00000,0x00002b5f90ec43c0,0x00002b5fc6580000)
 Metaspace       used 4082K, capacity 4432K, committed 4608K, reserved 8192K
Event: 5998.368 GC heap after
Heap after GC invocations=169 (full 9):
 PSYoungGen      total 51654656K, used 468256K [0x00002b7627a00000, 0x00002b82a7a00000, 0x00002b82a7a00000)
  eden space 50874368K, 0% used [0x00002b7627a00000,0x00002b7627a00000,0x00002b8248c00000)
  from space 780288K, 60% used [0x00002b8278000000,0x00002b8294948000,0x00002b82a7a00000)
  to   space 774144K, 0% used [0x00002b8248c00000,0x00002b8248c00000,0x00002b8278000000)
 ParOldGen       total 10989056K, used 10822544K [0x00002b5d27a00000, 0x00002b5fc6580000, 0x00002b7627a00000)
  object space 10989056K, 98% used [0x00002b5d27a00000,0x00002b5fbc2e42a0,0x00002b5fc6580000)
 Metaspace       used 4082K, capacity 4432K, committed 4608K, reserved 8192K
}
Event: 5998.376 GC heap before
{Heap before GC invocations=170 (full 10):
 PSYoungGen      total 51654656K, used 468256K [0x00002b7627a00000, 0x00002b82a7a00000, 0x00002b82a7a00000)
  eden space 50874368K, 0% used [0x00002b7627a00000,0x00002b7627a00000,0x00002b8248c00000)
  from space 780288K, 60% used [0x00002b8278000000,0x00002b8294948000,0x00002b82a7a00000)
  to   space 774144K, 0% used [0x00002b8248c00000,0x00002b8248c00000,0x00002b8278000000)
 ParOldGen       total 10989056K, used 10822544K [0x00002b5d27a00000, 0x00002b5fc6580000, 0x00002b7627a00000)
  object space 10989056K, 98% used [0x00002b5d27a00000,0x00002b5fbc2e42a0,0x00002b5fc6580000)
 Metaspace       used 4082K, capacity 4432K, committed 4608K, reserved 8192K

Deoptimization events (10 events):
Event: 0.648 Thread 0x00002b5d14008800 Uncommon trap: reason=unstable_if action=reinterpret pc=0x00002b5d187c4120 method=org.tartarus.snowball.SnowballProgram.find_among([Lorg/tartarus/snowball/Among;I)I @ 82
Event: 0.709 Thread 0x00002b5d14008800 Uncommon trap: reason=unstable_if action=reinterpret pc=0x00002b5d187bcc88 method=java.util.HashMap.getNode(ILjava/lang/Object;)Ljava/util/HashMap$Node; @ 62
Event: 0.709 Thread 0x00002b5d14008800 Uncommon trap: reason=unstable_if action=reinterpret pc=0x00002b5d187c7188 method=java.util.HashMap.putVal(ILjava/lang/Object;Ljava/lang/Object;ZZ)Ljava/lang/Object; @ 94
Event: 1.127 Thread 0x00002b5d14008800 Uncommon trap: reason=unstable_if action=reinterpret pc=0x00002b5d187996b0 method=java.util.regex.Pattern$BmpCharProperty.match(Ljava/util/regex/Matcher;ILjava/lang/CharSequence;)Z @ 5
Event: 1.127 Thread 0x00002b5d14008800 Uncommon trap: reason=predicate action=maybe_recompile pc=0x00002b5d187ed9b4 method=java.util.regex.Pattern$Curly.match(Ljava/util/regex/Matcher;ILjava/lang/CharSequence;)Z @ 12
Event: 6.261 Thread 0x00002b5d14008800 Uncommon trap: reason=unstable_if action=reinterpret pc=0x00002b5d18887eb8 method=java.util.HashMap.getNode(ILjava/lang/Object;)Ljava/util/HashMap$Node; @ 129
Event: 6.261 Thread 0x00002b5d14008800 Uncommon trap: reason=unstable_if action=reinterpret pc=0x00002b5d18860750 method=java.util.HashMap.putVal(ILjava/lang/Object;Ljava/lang/Object;ZZ)Ljava/lang/Object; @ 206
Event: 21.459 Thread 0x00002b5d14008800 Uncommon trap: reason=unstable_if action=reinterpret pc=0x00002b5d188c5eec method=org.tartarus.snowball.ext.englishStemmer.r_Step_1c()Z @ 92
Event: 76.791 Thread 0x00002b5d14008800 Uncommon trap: reason=unstable_if action=reinterpret pc=0x00002b5d1885e608 method=org.tartarus.snowball.ext.englishStemmer.r_Step_1c()Z @ 92
Event: 466.211 Thread 0x00002b5d14008800 Uncommon trap: reason=unstable_if action=reinterpret pc=0x00002b5d18881c3c method=java.util.HashMap.getNode(ILjava/lang/Object;)Ljava/util/HashMap$Node; @ 129

Internal exceptions (6 events):
Event: 0.065 Thread 0x00002b5d14008800 Exception <a 'java/lang/NoSuchMethodError': Method sun.misc.Unsafe.defineClass(Ljava/lang/String;[BII)Ljava/lang/Class; name or signature does not match> (0x00002b7627a1bb38) thrown at [/HUDSON/workspace/8-2-build-linux-amd64/jdk8u71/5731/hotspot/src/shar
Event: 0.066 Thread 0x00002b5d14008800 Exception <a 'java/lang/NoSuchMethodError': Method sun.misc.Unsafe.prefetchRead(Ljava/lang/Object;J)V name or signature does not match> (0x00002b7627a1bf00) thrown at [/HUDSON/workspace/8-2-build-linux-amd64/jdk8u71/5731/hotspot/src/share/vm/prims/jni.cpp
Event: 0.202 Thread 0x00002b5d14008800 Exception <a 'java/security/PrivilegedActionException'> (0x00002b7627ad73c0) thrown at [/HUDSON/workspace/8-2-build-linux-amd64/jdk8u71/5731/hotspot/src/share/vm/prims/jvm.cpp, line 1386]
Event: 0.202 Thread 0x00002b5d14008800 Exception <a 'java/security/PrivilegedActionException'> (0x00002b7627ad76a0) thrown at [/HUDSON/workspace/8-2-build-linux-amd64/jdk8u71/5731/hotspot/src/share/vm/prims/jvm.cpp, line 1386]
Event: 0.203 Thread 0x00002b5d14008800 Exception <a 'java/security/PrivilegedActionException'> (0x00002b7627ada140) thrown at [/HUDSON/workspace/8-2-build-linux-amd64/jdk8u71/5731/hotspot/src/share/vm/prims/jvm.cpp, line 1386]
Event: 0.203 Thread 0x00002b5d14008800 Exception <a 'java/security/PrivilegedActionException'> (0x00002b7627ada420) thrown at [/HUDSON/workspace/8-2-build-linux-amd64/jdk8u71/5731/hotspot/src/share/vm/prims/jvm.cpp, line 1386]

Events (10 events):
Event: 4780.922 Executing VM operation: ParallelGCFailedAllocation done
Event: 4942.769 Executing VM operation: ParallelGCFailedAllocation
Event: 4943.918 Executing VM operation: ParallelGCFailedAllocation done
Event: 5132.002 Executing VM operation: ParallelGCFailedAllocation
Event: 5134.673 Executing VM operation: ParallelGCFailedAllocation done
Event: 5374.220 Executing VM operation: ParallelGCFailedAllocation
Event: 5379.223 Executing VM operation: ParallelGCFailedAllocation done
Event: 5655.135 Executing VM operation: ParallelGCFailedAllocation
Event: 5657.579 Executing VM operation: ParallelGCFailedAllocation done
Event: 5997.007 Executing VM operation: ParallelGCFailedAllocation


Dynamic libraries:
00400000-00401000 r-xp 00000000 00:1c 76290581                           /software/java/1.8.0_71/bin/java
00600000-00601000 rw-p 00000000 00:1c 76290581                           /software/java/1.8.0_71/bin/java
01533000-01554000 rw-p 00000000 00:00 0                                  [heap]
3d84c00000-3d84c20000 r-xp 00000000 08:01 917530                         /lib64/ld-2.12.so
3d84e1f000-3d84e20000 r--p 0001f000 08:01 917530                         /lib64/ld-2.12.so
3d84e20000-3d84e21000 rw-p 00020000 08:01 917530                         /lib64/ld-2.12.so
3d84e21000-3d84e22000 rw-p 00000000 00:00 0 
3d85000000-3d8518a000 r-xp 00000000 08:01 917551                         /lib64/libc-2.12.so
3d8518a000-3d8538a000 ---p 0018a000 08:01 917551                         /lib64/libc-2.12.so
3d8538a000-3d8538e000 r--p 0018a000 08:01 917551                         /lib64/libc-2.12.so
3d8538e000-3d8538f000 rw-p 0018e000 08:01 917551                         /lib64/libc-2.12.so
3d8538f000-3d85394000 rw-p 00000000 00:00 0 
3d85400000-3d85483000 r-xp 00000000 08:01 917686                         /lib64/libm-2.12.so
3d85483000-3d85682000 ---p 00083000 08:01 917686                         /lib64/libm-2.12.so
3d85682000-3d85683000 r--p 00082000 08:01 917686                         /lib64/libm-2.12.so
3d85683000-3d85684000 rw-p 00083000 08:01 917686                         /lib64/libm-2.12.so
3d85800000-3d85802000 r-xp 00000000 08:01 917672                         /lib64/libdl-2.12.so
3d85802000-3d85a02000 ---p 00002000 08:01 917672                         /lib64/libdl-2.12.so
3d85a02000-3d85a03000 r--p 00002000 08:01 917672                         /lib64/libdl-2.12.so
3d85a03000-3d85a04000 rw-p 00003000 08:01 917672                         /lib64/libdl-2.12.so
3d85c00000-3d85c17000 r-xp 00000000 08:01 917669                         /lib64/libpthread-2.12.so
3d85c17000-3d85e17000 ---p 00017000 08:01 917669                         /lib64/libpthread-2.12.so
3d85e17000-3d85e18000 r--p 00017000 08:01 917669                         /lib64/libpthread-2.12.so
3d85e18000-3d85e19000 rw-p 00018000 08:01 917669                         /lib64/libpthread-2.12.so
3d85e19000-3d85e1d000 rw-p 00000000 00:00 0 
3d86000000-3d86007000 r-xp 00000000 08:01 917676                         /lib64/librt-2.12.so
3d86007000-3d86206000 ---p 00007000 08:01 917676                         /lib64/librt-2.12.so
3d86206000-3d86207000 r--p 00006000 08:01 917676                         /lib64/librt-2.12.so
3d86207000-3d86208000 rw-p 00007000 08:01 917676                         /lib64/librt-2.12.so
2b5d128c3000-2b5d128c4000 rw-p 00000000 00:00 0 
2b5d128dc000-2b5d128dd000 rw-p 00000000 00:00 0 
2b5d128dd000-2b5d128f2000 r-xp 00000000 00:1c 76551583                   /software/java/1.8.0_71/lib/amd64/jli/libjli.so
2b5d128f2000-2b5d12af2000 ---p 00015000 00:1c 76551583                   /software/java/1.8.0_71/lib/amd64/jli/libjli.so
2b5d12af2000-2b5d12af3000 rw-p 00015000 00:1c 76551583                   /software/java/1.8.0_71/lib/amd64/jli/libjli.so
2b5d12af3000-2b5d12af5000 rw-p 00000000 00:00 0 
2b5d12af5000-2b5d137b4000 r-xp 00000000 00:1c 76290314                   /software/java/1.8.0_71/jre/lib/amd64/server/libjvm.so
2b5d137b4000-2b5d139b3000 ---p 00cbf000 00:1c 76290314                   /software/java/1.8.0_71/jre/lib/amd64/server/libjvm.so
2b5d139b3000-2b5d13a8c000 rw-p 00cbe000 00:1c 76290314                   /software/java/1.8.0_71/jre/lib/amd64/server/libjvm.so
2b5d13a8c000-2b5d13ad5000 rw-p 00000000 00:00 0 
2b5d13ad5000-2b5d13ad8000 ---p 00000000 00:00 0 
2b5d13ad8000-2b5d13bd6000 rw-p 00000000 00:00 0 
2b5d13bd6000-2b5d13be3000 r-xp 00000000 00:1c 76290341                   /software/java/1.8.0_71/jre/lib/amd64/libverify.so
2b5d13be3000-2b5d13de3000 ---p 0000d000 00:1c 76290341                   /software/java/1.8.0_71/jre/lib/amd64/libverify.so
2b5d13de3000-2b5d13de5000 rw-p 0000d000 00:1c 76290341                   /software/java/1.8.0_71/jre/lib/amd64/libverify.so
2b5d13de5000-2b5d13dff000 r-xp 00000000 00:1c 76290293                   /software/java/1.8.0_71/jre/lib/amd64/libzip.so
2b5d13dff000-2b5d13fff000 ---p 0001a000 00:1c 76290293                   /software/java/1.8.0_71/jre/lib/amd64/libzip.so
2b5d13fff000-2b5d14000000 rw-p 0001a000 00:1c 76290293                   /software/java/1.8.0_71/jre/lib/amd64/libzip.so
2b5d14000000-2b5d1445b000 rw-p 00000000 00:00 0 
2b5d1445b000-2b5d18000000 ---p 00000000 00:00 0 
2b5d18000000-2b5d1802a000 r-xp 00000000 00:1c 76290319                   /software/java/1.8.0_71/jre/lib/amd64/libjava.so
2b5d1802a000-2b5d1822a000 ---p 0002a000 00:1c 76290319                   /software/java/1.8.0_71/jre/lib/amd64/libjava.so
2b5d1822a000-2b5d1822c000 rw-p 0002a000 00:1c 76290319                   /software/java/1.8.0_71/jre/lib/amd64/libjava.so
2b5d1822c000-2b5d1822d000 ---p 00000000 00:00 0 
2b5d1822d000-2b5d1822e000 rw-p 00000000 00:00 0 
2b5d1822e000-2b5d18236000 rw-s 00000000 08:01 2501231                    /tmp/hsperfdata_jsybran/7830
2b5d18246000-2b5d18252000 r-xp 00000000 08:01 917565                     /lib64/libnss_files-2.12.so
2b5d18252000-2b5d18452000 ---p 0000c000 08:01 917565                     /lib64/libnss_files-2.12.so
2b5d18452000-2b5d18453000 r--p 0000c000 08:01 917565                     /lib64/libnss_files-2.12.so
2b5d18453000-2b5d18454000 rw-p 0000d000 08:01 917565                     /lib64/libnss_files-2.12.so
2b5d18454000-2b5d18914000 rwxp 00000000 00:00 0 
2b5d18914000-2b5d27454000 ---p 00000000 00:00 0 
2b5d27454000-2b5d27467000 rw-p 00000000 00:00 0 
2b5d27467000-2b5d27814000 ---p 00000000 00:00 0 
2b5d27814000-2b5d27817000 ---p 00000000 00:00 0 
2b5d27817000-2b5d27915000 rw-p 00000000 00:00 0 
2b5d27915000-2b5d27919000 r--s 00097000 00:1c 76290275                   /software/java/1.8.0_71/jre/lib/jsse.jar
2b5d27919000-2b5d2791a000 r--s 0000f000 00:1d 126041288                  /scratch2/jsybran/ToPMine/TopicalPhrases/lib/snowball-20051019.jar
2b5d2791a000-2b5d27928000 r--s 000a7000 00:1d 126041290                  /scratch2/jsybran/ToPMine/TopicalPhrases/lib/trove-2.0.2.jar
2b5d27a00000-2b5fc6680000 rw-p 00000000 00:00 0 
2b6062e00000-2b7627a00000 ---p 00000000 00:00 0 
2b7627a00000-2b82a7a00000 rw-p 00000000 00:00 0 
2b82a7a00000-2b82a8ef6000 rw-p 00000000 00:00 0 
2b82a8ef6000-2b82b4200000 ---p 00000000 00:00 0 
2b82b4200000-2b82ba600000 rw-p 00000000 00:00 0 
2b82ba600000-2b82bbaf7000 rw-p 00000000 00:00 0 
2b82bbaf7000-2b82c6e01000 ---p 00000000 00:00 0 
2b82c6e01000-2b82c6e02000 ---p 00000000 00:00 0 
2b82c6e02000-2b82c6f02000 rw-p 00000000 00:00 0 
2b82c6f02000-2b82c6f03000 ---p 00000000 00:00 0 
2b82c6f03000-2b82c7003000 rw-p 00000000 00:00 0 
2b82c7003000-2b82c7004000 ---p 00000000 00:00 0 
2b82c7004000-2b82c7104000 rw-p 00000000 00:00 0 
2b82c7104000-2b82c7105000 ---p 00000000 00:00 0 
2b82c7105000-2b82c7205000 rw-p 00000000 00:00 0 
2b82c7205000-2b82c7206000 ---p 00000000 00:00 0 
2b82c7206000-2b82c7306000 rw-p 00000000 00:00 0 
2b82c7306000-2b82c7307000 ---p 00000000 00:00 0 
2b82c7307000-2b82c7407000 rw-p 00000000 00:00 0 
2b82c7407000-2b82c7408000 ---p 00000000 00:00 0 
2b82c7408000-2b82c7508000 rw-p 00000000 00:00 0 
2b82c7508000-2b82c7509000 ---p 00000000 00:00 0 
2b82c7509000-2b82c7609000 rw-p 00000000 00:00 0 
2b82c7609000-2b82c760a000 ---p 00000000 00:00 0 
2b82c760a000-2b82c770a000 rw-p 00000000 00:00 0 
2b82c770a000-2b82c770b000 ---p 00000000 00:00 0 
2b82c770b000-2b82c780b000 rw-p 00000000 00:00 0 
2b82c780b000-2b82c780c000 ---p 00000000 00:00 0 
2b82c780c000-2b82c790c000 rw-p 00000000 00:00 0 
2b82c790c000-2b82c790d000 ---p 00000000 00:00 0 
2b82c790d000-2b82c7a0d000 rw-p 00000000 00:00 0 
2b82c7a0d000-2b82c7a0e000 ---p 00000000 00:00 0 
2b82c7a0e000-2b82c7b0e000 rw-p 00000000 00:00 0 
2b82c7b0e000-2b82c7b0f000 ---p 00000000 00:00 0 
2b82c7b0f000-2b82c7c0f000 rw-p 00000000 00:00 0 
2b82c7c0f000-2b82c7c27000 r--s 001ef000 00:1d 126041285                  /scratch2/jsybran/ToPMine/TopicalPhrases/lib/mallet.jar
2b82c8000000-2b82c86db000 rw-p 00000000 00:00 0 
2b82c86db000-2b82cc000000 ---p 00000000 00:00 0 
2b82cc000000-2b82cc51e000 rw-p 00000000 00:00 0 
2b82cc51e000-2b82d0000000 ---p 00000000 00:00 0 
2b82d0000000-2b82d0986000 rw-p 00000000 00:00 0 
2b82d0986000-2b82d4000000 ---p 00000000 00:00 0 
2b82d4000000-2b82d4a18000 rw-p 00000000 00:00 0 
2b82d4a18000-2b82d8000000 ---p 00000000 00:00 0 
2b82d8000000-2b82d826c000 rw-p 00000000 00:00 0 
2b82d826c000-2b82dc000000 ---p 00000000 00:00 0 
2b82dc000000-2b82dc97f000 rw-p 00000000 00:00 0 
2b82dc97f000-2b82e0000000 ---p 00000000 00:00 0 
2b82e0000000-2b82e0774000 rw-p 00000000 00:00 0 
2b82e0774000-2b82e4000000 ---p 00000000 00:00 0 
2b82e4000000-2b82e43e4000 rw-p 00000000 00:00 0 
2b82e43e4000-2b82e8000000 ---p 00000000 00:00 0 
2b82e8000000-2b82e832e000 rw-p 00000000 00:00 0 
2b82e832e000-2b82ec000000 ---p 00000000 00:00 0 
2b82ec000000-2b82ec791000 rw-p 00000000 00:00 0 
2b82ec791000-2b82f0000000 ---p 00000000 00:00 0 
2b82f0000000-2b82f064e000 rw-p 00000000 00:00 0 
2b82f064e000-2b82f4000000 ---p 00000000 00:00 0 
2b82f4000000-2b82f4749000 rw-p 00000000 00:00 0 
2b82f4749000-2b82f8000000 ---p 00000000 00:00 0 
2b82f8000000-2b82f8128000 rw-p 00000000 00:00 0 
2b82f8128000-2b82fc000000 ---p 00000000 00:00 0 
2b82fc000000-2b843bc38000 rw-p 00000000 00:00 0 
2b843bc38000-2b843bfb8000 ---p 00000000 00:00 0 
2b843bfb8000-2b843c0b1000 rw-p 00000000 00:00 0 
2b843c0b1000-2b843c289000 r--s 03d23000 00:1c 76290078                   /software/java/1.8.0_71/jre/lib/rt.jar
2b843c289000-2b843eed0000 rw-p 00000000 00:00 0 
2b843eed0000-2b843eed1000 ---p 00000000 00:00 0 
2b843eed1000-2b843efd1000 rw-p 00000000 00:00 0 
2b843efd1000-2b843efd4000 ---p 00000000 00:00 0 
2b843efd4000-2b843f0d2000 rw-p 00000000 00:00 0 
2b843f0d2000-2b843f0d5000 ---p 00000000 00:00 0 
2b843f0d5000-2b843f1d3000 rw-p 00000000 00:00 0 
2b8440000000-2b844028c000 rw-p 00000000 00:00 0 
2b844028c000-2b8444000000 ---p 00000000 00:00 0 
2b8444000000-2b8444021000 rw-p 00000000 00:00 0 
2b8444021000-2b8448000000 ---p 00000000 00:00 0 
2b8448000000-2b8448021000 rw-p 00000000 00:00 0 
2b8448021000-2b844c000000 ---p 00000000 00:00 0 
2b844c000000-2b8451e91000 r--p 00000000 08:01 1055617                    /usr/lib/locale/locale-archive
2b8451e91000-2b8451e94000 ---p 00000000 00:00 0 
2b8451e94000-2b8451f92000 rw-p 00000000 00:00 0 
2b8451f92000-2b8451f95000 ---p 00000000 00:00 0 
2b8451f95000-2b8452093000 rw-p 00000000 00:00 0 
2b8452093000-2b8452096000 ---p 00000000 00:00 0 
2b8452096000-2b8452194000 rw-p 00000000 00:00 0 
2b8452194000-2b8452197000 ---p 00000000 00:00 0 
2b8452197000-2b8452295000 rw-p 00000000 00:00 0 
2b8454000000-2b8454021000 rw-p 00000000 00:00 0 
2b8454021000-2b8458000000 ---p 00000000 00:00 0 
2b8458000000-2b845866d000 rw-p 00000000 00:00 0 
2b845866d000-2b845c000000 ---p 00000000 00:00 0 
2b845c000000-2b845c48a000 rw-p 00000000 00:00 0 
2b845c48a000-2b8460000000 ---p 00000000 00:00 0 
2b8460000000-2b846048f000 rw-p 00000000 00:00 0 
2b846048f000-2b8464000000 ---p 00000000 00:00 0 
2b8464000000-2b8464003000 ---p 00000000 00:00 0 
2b8464003000-2b8464101000 rw-p 00000000 00:00 0 
2b8464101000-2b8464104000 ---p 00000000 00:00 0 
2b8464104000-2b8464202000 rw-p 00000000 00:00 0 
2b8464202000-2b8464205000 ---p 00000000 00:00 0 
2b8464205000-2b8464303000 rw-p 00000000 00:00 0 
2b8464303000-2b8464306000 ---p 00000000 00:00 0 
2b8464306000-2b8464404000 rw-p 00000000 00:00 0 
2b8464404000-2b8464407000 ---p 00000000 00:00 0 
2b8464407000-2b8464505000 rw-p 00000000 00:00 0 
2b8464505000-2b8464508000 ---p 00000000 00:00 0 
2b8464508000-2b8464606000 rw-p 00000000 00:00 0 
2b8464606000-2b8464609000 ---p 00000000 00:00 0 
2b8464609000-2b8464707000 rw-p 00000000 00:00 0 
2b8464707000-2b846470a000 ---p 00000000 00:00 0 
2b846470a000-2b8464808000 rw-p 00000000 00:00 0 
2b8464808000-2b846480b000 ---p 00000000 00:00 0 
2b846480b000-2b8464909000 rw-p 00000000 00:00 0 
2b8468000000-2b846883c000 rw-p 00000000 00:00 0 
2b846883c000-2b846c000000 ---p 00000000 00:00 0 
2b846c000000-2b846c29c000 rw-p 00000000 00:00 0 
2b846c29c000-2b8470000000 ---p 00000000 00:00 0 
2b8470000000-2b84708eb000 rw-p 00000000 00:00 0 
2b84708eb000-2b8474000000 ---p 00000000 00:00 0 
2b8474000000-2b8474555000 rw-p 00000000 00:00 0 
2b8474555000-2b8478000000 ---p 00000000 00:00 0 
2b8478000000-2b8479322000 rw-p 00000000 00:00 0 
2b8479322000-2b847c000000 ---p 00000000 00:00 0 
2b847c000000-2b847c142000 rw-p 00000000 00:00 0 
2b847c142000-2b8480000000 ---p 00000000 00:00 0 
2b8480000000-2b848016d000 rw-p 00000000 00:00 0 
2b848016d000-2b8484000000 ---p 00000000 00:00 0 
2b8484000000-2b84841f2000 rw-p 00000000 00:00 0 
2b84841f2000-2b8488000000 ---p 00000000 00:00 0 
2b8488000000-2b8488140000 rw-p 00000000 00:00 0 
2b8488140000-2b848c000000 ---p 00000000 00:00 0 
2b848c000000-2b848c021000 rw-p 00000000 00:00 0 
2b848c021000-2b8490000000 ---p 00000000 00:00 0 
2b8490000000-2b8490021000 rw-p 00000000 00:00 0 
2b8490021000-2b8494000000 ---p 00000000 00:00 0 
7fff68a4c000-7fff68a61000 rw-p 00000000 00:00 0                          [stack]
7fff68ae4000-7fff68ae5000 r-xp 00000000 00:00 0                          [vdso]
ffffffffff600000-ffffffffff601000 r-xp 00000000 00:00 0                  [vsyscall]

VM Arguments:
jvm_args: -Xmx150g 
java_command: DataPreparation/PrepareData /scratch2/jsybran/ToPMine/canon.data input 3 1 stoplists/en.txt
java_class_path (initial): bin:lib/mallet.jar:lib/snowball-20051019.jar:lib/trove-2.0.2.jar
Launcher Type: SUN_STANDARD

Environment Variables:
JAVA_HOME=/software/java/1.8.0_71
JRE_HOME=/software/java/1.8.0_71/jre
PATH=/software/java/1.8.0_71/bin:/software/java/1.8.0_71/jre/bin:/usr/lib64/qt-3.3/bin:/bin:/usr/bin:/usr/bin/X11:/usr/local/sbin:/usr/sbin:/sbin:/opt/mx/bin:/opt/pbs/default/bin:/opt/pbs/default/sbin:/opt/dell/srvadmin/bin:/home/jsybran/.local/bin:/home/jsybran/bin
LD_LIBRARY_PATH=/opt/orangefs/lib:/opt/mx/lib
SHELL=/bin/bash

Signal Handlers:
SIGSEGV: [libjvm.so+0xabafa0], sa_mask[0]=11111111011111111101111111111110, sa_flags=SA_RESTART|SA_SIGINFO
SIGBUS: [libjvm.so+0xabafa0], sa_mask[0]=11111111011111111101111111111110, sa_flags=SA_RESTART|SA_SIGINFO
SIGFPE: [libjvm.so+0x9183c0], sa_mask[0]=11111111011111111101111111111110, sa_flags=SA_RESTART|SA_SIGINFO
SIGPIPE: [libjvm.so+0x9183c0], sa_mask[0]=11111111011111111101111111111110, sa_flags=SA_RESTART|SA_SIGINFO
SIGXFSZ: [libjvm.so+0x9183c0], sa_mask[0]=11111111011111111101111111111110, sa_flags=SA_RESTART|SA_SIGINFO
SIGILL: [libjvm.so+0x9183c0], sa_mask[0]=11111111011111111101111111111110, sa_flags=SA_RESTART|SA_SIGINFO
SIGUSR1: SIG_DFL, sa_mask[0]=00000000000000000000000000000000, sa_flags=none
SIGUSR2: [libjvm.so+0x9199f0], sa_mask[0]=00000000000000000000000000000000, sa_flags=SA_RESTART|SA_SIGINFO
SIGHUP: [libjvm.so+0x91adf0], sa_mask[0]=11111111011111111101111111111110, sa_flags=SA_RESTART|SA_SIGINFO
SIGINT: [libjvm.so+0x91adf0], sa_mask[0]=11111111011111111101111111111110, sa_flags=SA_RESTART|SA_SIGINFO
SIGTERM: [libjvm.so+0x91adf0], sa_mask[0]=11111111011111111101111111111110, sa_flags=SA_RESTART|SA_SIGINFO
SIGQUIT: [libjvm.so+0x91adf0], sa_mask[0]=11111111011111111101111111111110, sa_flags=SA_RESTART|SA_SIGINFO


---------------  S Y S T E M  ---------------

OS:Scientific Linux release 6.6 (Carbon)

uname:Linux 2.6.32-504.16.2.el6.x86_64 #1 SMP Tue Apr 21 10:35:19 CDT 2015 x86_64
libc:glibc 2.12 NPTL 2.12 
rlimit: STACK infinity, CORE 0k, NPROC 514456, NOFILE 16384, AS infinity
load average:4.12 1.83 1.43

/proc/meminfo:
MemTotal:       65877600 kB
MemFree:          254612 kB
Buffers:          269168 kB
Cached:           220604 kB
SwapCached:        22068 kB
Active:         60406952 kB
Inactive:        4259132 kB
Active(anon):   60166212 kB
Inactive(anon):  4011992 kB
Active(file):     240740 kB
Inactive(file):   247140 kB
Unevictable:      112676 kB
Mlocked:           71796 kB
SwapTotal:       1048572 kB
SwapFree:         736032 kB
Dirty:                36 kB
Writeback:             0 kB
AnonPages:      64279428 kB
Mapped:            23000 kB
Shmem:                 4 kB
Slab:             222124 kB
SReclaimable:     153012 kB
SUnreclaim:        69112 kB
KernelStack:        4432 kB
PageTables:       133924 kB
NFS_Unstable:          0 kB
Bounce:                0 kB
WritebackTmp:          0 kB
CommitLimit:    33987372 kB
Committed_AS:   70189200 kB
VmallocTotal:   34359738367 kB
VmallocUsed:      418860 kB
VmallocChunk:   34324361792 kB
HardwareCorrupted:     0 kB
AnonHugePages:  45737984 kB
HugePages_Total:       0
HugePages_Free:        0
HugePages_Rsvd:        0
HugePages_Surp:        0
Hugepagesize:       2048 kB
DirectMap4k:        4096 kB
DirectMap2M:     2076672 kB
DirectMap1G:    65011712 kB


CPU:total 16 (8 cores per cpu, 2 threads per core) family 6 model 45 stepping 7, cmov, cx8, fxsr, mmx, sse, sse2, sse3, ssse3, sse4.1, sse4.2, popcnt, avx, aes, clmul, ht, tsc, tscinvbit, tscinv

/proc/cpuinfo:
processor	: 0
vendor_id	: GenuineIntel
cpu family	: 6
model		: 45
model name	: Intel(R) Xeon(R) CPU E5-2665 0 @ 2.40GHz
stepping	: 7
microcode	: 1808
cpu MHz		: 2399.866
cache size	: 20480 KB
physical id	: 0
siblings	: 8
core id		: 0
cpu cores	: 8
apicid		: 0
initial apicid	: 0
fpu		: yes
fpu_exception	: yes
cpuid level	: 13
wp		: yes
flags		: fpu vme de pse tsc msr pae mce cx8 apic sep mtrr pge mca cmov pat pse36 clflush dts acpi mmx fxsr sse sse2 ss ht tm pbe syscall nx pdpe1gb rdtscp lm constant_tsc arch_perfmon pebs bts rep_good xtopology nonstop_tsc aperfmperf pni pclmulqdq dtes64 monitor ds_cpl vmx smx est tm2 ssse3 cx16 xtpr pdcm pcid dca sse4_1 sse4_2 x2apic popcnt tsc_deadline_timer aes xsave avx lahf_lm ida arat xsaveopt pln pts dts tpr_shadow vnmi flexpriority ept vpid
bogomips	: 4799.73
clflush size	: 64
cache_alignment	: 64
address sizes	: 46 bits physical, 48 bits virtual
power management:

processor	: 1
vendor_id	: GenuineIntel
cpu family	: 6
model		: 45
model name	: Intel(R) Xeon(R) CPU E5-2665 0 @ 2.40GHz
stepping	: 7
microcode	: 1808
cpu MHz		: 2399.866
cache size	: 20480 KB
physical id	: 0
siblings	: 8
core id		: 1
cpu cores	: 8
apicid		: 2
initial apicid	: 2
fpu		: yes
fpu_exception	: yes
cpuid level	: 13
wp		: yes
flags		: fpu vme de pse tsc msr pae mce cx8 apic sep mtrr pge mca cmov pat pse36 clflush dts acpi mmx fxsr sse sse2 ss ht tm pbe syscall nx pdpe1gb rdtscp lm constant_tsc arch_perfmon pebs bts rep_good xtopology nonstop_tsc aperfmperf pni pclmulqdq dtes64 monitor ds_cpl vmx smx est tm2 ssse3 cx16 xtpr pdcm pcid dca sse4_1 sse4_2 x2apic popcnt tsc_deadline_timer aes xsave avx lahf_lm ida arat xsaveopt pln pts dts tpr_shadow vnmi flexpriority ept vpid
bogomips	: 4799.73
clflush size	: 64
cache_alignment	: 64
address sizes	: 46 bits physical, 48 bits virtual
power management:

processor	: 2
vendor_id	: GenuineIntel
cpu family	: 6
model		: 45
model name	: Intel(R) Xeon(R) CPU E5-2665 0 @ 2.40GHz
stepping	: 7
microcode	: 1808
cpu MHz		: 2399.866
cache size	: 20480 KB
physical id	: 0
siblings	: 8
core id		: 2
cpu cores	: 8
apicid		: 4
initial apicid	: 4
fpu		: yes
fpu_exception	: yes
cpuid level	: 13
wp		: yes
flags		: fpu vme de pse tsc msr pae mce cx8 apic sep mtrr pge mca cmov pat pse36 clflush dts acpi mmx fxsr sse sse2 ss ht tm pbe syscall nx pdpe1gb rdtscp lm constant_tsc arch_perfmon pebs bts rep_good xtopology nonstop_tsc aperfmperf pni pclmulqdq dtes64 monitor ds_cpl vmx smx est tm2 ssse3 cx16 xtpr pdcm pcid dca sse4_1 sse4_2 x2apic popcnt tsc_deadline_timer aes xsave avx lahf_lm ida arat xsaveopt pln pts dts tpr_shadow vnmi flexpriority ept vpid
bogomips	: 4799.73
clflush size	: 64
cache_alignment	: 64
address sizes	: 46 bits physical, 48 bits virtual
power management:

processor	: 3
vendor_id	: GenuineIntel
cpu family	: 6
model		: 45
model name	: Intel(R) Xeon(R) CPU E5-2665 0 @ 2.40GHz
stepping	: 7
microcode	: 1808
cpu MHz		: 2399.866
cache size	: 20480 KB
physical id	: 0
siblings	: 8
core id		: 3
cpu cores	: 8
apicid		: 6
initial apicid	: 6
fpu		: yes
fpu_exception	: yes
cpuid level	: 13
wp		: yes
flags		: fpu vme de pse tsc msr pae mce cx8 apic sep mtrr pge mca cmov pat pse36 clflush dts acpi mmx fxsr sse sse2 ss ht tm pbe syscall nx pdpe1gb rdtscp lm constant_tsc arch_perfmon pebs bts rep_good xtopology nonstop_tsc aperfmperf pni pclmulqdq dtes64 monitor ds_cpl vmx smx est tm2 ssse3 cx16 xtpr pdcm pcid dca sse4_1 sse4_2 x2apic popcnt tsc_deadline_timer aes xsave avx lahf_lm ida arat xsaveopt pln pts dts tpr_shadow vnmi flexpriority ept vpid
bogomips	: 4799.73
clflush size	: 64
cache_alignment	: 64
address sizes	: 46 bits physical, 48 bits virtual
power management:

processor	: 4
vendor_id	: GenuineIntel
cpu family	: 6
model		: 45
model name	: Intel(R) Xeon(R) CPU E5-2665 0 @ 2.40GHz
stepping	: 7
microcode	: 1808
cpu MHz		: 2399.866
cache size	: 20480 KB
physical id	: 0
siblings	: 8
core id		: 4
cpu cores	: 8
apicid		: 8
initial apicid	: 8
fpu		: yes
fpu_exception	: yes
cpuid level	: 13
wp		: yes
flags		: fpu vme de pse tsc msr pae mce cx8 apic sep mtrr pge mca cmov pat pse36 clflush dts acpi mmx fxsr sse sse2 ss ht tm pbe syscall nx pdpe1gb rdtscp lm constant_tsc arch_perfmon pebs bts rep_good xtopology nonstop_tsc aperfmperf pni pclmulqdq dtes64 monitor ds_cpl vmx smx est tm2 ssse3 cx16 xtpr pdcm pcid dca sse4_1 sse4_2 x2apic popcnt tsc_deadline_timer aes xsave avx lahf_lm ida arat xsaveopt pln pts dts tpr_shadow vnmi flexpriority ept vpid
bogomips	: 4799.73
clflush size	: 64
cache_alignment	: 64
address sizes	: 46 bits physical, 48 bits virtual
power management:

processor	: 5
vendor_id	: GenuineIntel
cpu family	: 6
model		: 45
model name	: Intel(R) Xeon(R) CPU E5-2665 0 @ 2.40GHz
stepping	: 7
microcode	: 1808
cpu MHz		: 2399.866
cache size	: 20480 KB
physical id	: 0
siblings	: 8
core id		: 5
cpu cores	: 8
apicid		: 10
initial apicid	: 10
fpu		: yes
fpu_exception	: yes
cpuid level	: 13
wp		: yes
flags		: fpu vme de pse tsc msr pae mce cx8 apic sep mtrr pge mca cmov pat pse36 clflush dts acpi mmx fxsr sse sse2 ss ht tm pbe syscall nx pdpe1gb rdtscp lm constant_tsc arch_perfmon pebs bts rep_good xtopology nonstop_tsc aperfmperf pni pclmulqdq dtes64 monitor ds_cpl vmx smx est tm2 ssse3 cx16 xtpr pdcm pcid dca sse4_1 sse4_2 x2apic popcnt tsc_deadline_timer aes xsave avx lahf_lm ida arat xsaveopt pln pts dts tpr_shadow vnmi flexpriority ept vpid
bogomips	: 4799.73
clflush size	: 64
cache_alignment	: 64
address sizes	: 46 bits physical, 48 bits virtual
power management:

processor	: 6
vendor_id	: GenuineIntel
cpu family	: 6
model		: 45
model name	: Intel(R) Xeon(R) CPU E5-2665 0 @ 2.40GHz
stepping	: 7
microcode	: 1808
cpu MHz		: 2399.866
cache size	: 20480 KB
physical id	: 0
siblings	: 8
core id		: 6
cpu cores	: 8
apicid		: 12
initial apicid	: 12
fpu		: yes
fpu_exception	: yes
cpuid level	: 13
wp		: yes
flags		: fpu vme de pse tsc msr pae mce cx8 apic sep mtrr pge mca cmov pat pse36 clflush dts acpi mmx fxsr sse sse2 ss ht tm pbe syscall nx pdpe1gb rdtscp lm constant_tsc arch_perfmon pebs bts rep_good xtopology nonstop_tsc aperfmperf pni pclmulqdq dtes64 monitor ds_cpl vmx smx est tm2 ssse3 cx16 xtpr pdcm pcid dca sse4_1 sse4_2 x2apic popcnt tsc_deadline_timer aes xsave avx lahf_lm ida arat xsaveopt pln pts dts tpr_shadow vnmi flexpriority ept vpid
bogomips	: 4799.73
clflush size	: 64
cache_alignment	: 64
address sizes	: 46 bits physical, 48 bits virtual
power management:

processor	: 7
vendor_id	: GenuineIntel
cpu family	: 6
model		: 45
model name	: Intel(R) Xeon(R) CPU E5-2665 0 @ 2.40GHz
stepping	: 7
microcode	: 1808
cpu MHz		: 2399.866
cache size	: 20480 KB
physical id	: 0
siblings	: 8
core id		: 7
cpu cores	: 8
apicid		: 14
initial apicid	: 14
fpu		: yes
fpu_exception	: yes
cpuid level	: 13
wp		: yes
flags		: fpu vme de pse tsc msr pae mce cx8 apic sep mtrr pge mca cmov pat pse36 clflush dts acpi mmx fxsr sse sse2 ss ht tm pbe syscall nx pdpe1gb rdtscp lm constant_tsc arch_perfmon pebs bts rep_good xtopology nonstop_tsc aperfmperf pni pclmulqdq dtes64 monitor ds_cpl vmx smx est tm2 ssse3 cx16 xtpr pdcm pcid dca sse4_1 sse4_2 x2apic popcnt tsc_deadline_timer aes xsave avx lahf_lm ida arat xsaveopt pln pts dts tpr_shadow vnmi flexpriority ept vpid
bogomips	: 4799.73
clflush size	: 64
cache_alignment	: 64
address sizes	: 46 bits physical, 48 bits virtual
power management:

processor	: 8
vendor_id	: GenuineIntel
cpu family	: 6
model		: 45
model name	: Intel(R) Xeon(R) CPU E5-2665 0 @ 2.40GHz
stepping	: 7
microcode	: 1808
cpu MHz		: 2399.866
cache size	: 20480 KB
physical id	: 1
siblings	: 8
core id		: 0
cpu cores	: 8
apicid		: 32
initial apicid	: 32
fpu		: yes
fpu_exception	: yes
cpuid level	: 13
wp		: yes
flags		: fpu vme de pse tsc msr pae mce cx8 apic sep mtrr pge mca cmov pat pse36 clflush dts acpi mmx fxsr sse sse2 ss ht tm pbe syscall nx pdpe1gb rdtscp lm constant_tsc arch_perfmon pebs bts rep_good xtopology nonstop_tsc aperfmperf pni pclmulqdq dtes64 monitor ds_cpl vmx smx est tm2 ssse3 cx16 xtpr pdcm pcid dca sse4_1 sse4_2 x2apic popcnt tsc_deadline_timer aes xsave avx lahf_lm ida arat xsaveopt pln pts dts tpr_shadow vnmi flexpriority ept vpid
bogomips	: 4799.32
clflush size	: 64
cache_alignment	: 64
address sizes	: 46 bits physical, 48 bits virtual
power management:

processor	: 9
vendor_id	: GenuineIntel
cpu family	: 6
model		: 45
model name	: Intel(R) Xeon(R) CPU E5-2665 0 @ 2.40GHz
stepping	: 7
microcode	: 1808
cpu MHz		: 2399.866
cache size	: 20480 KB
physical id	: 1
siblings	: 8
core id		: 1
cpu cores	: 8
apicid		: 34
initial apicid	: 34
fpu		: yes
fpu_exception	: yes
cpuid level	: 13
wp		: yes
flags		: fpu vme de pse tsc msr pae mce cx8 apic sep mtrr pge mca cmov pat pse36 clflush dts acpi mmx fxsr sse sse2 ss ht tm pbe syscall nx pdpe1gb rdtscp lm constant_tsc arch_perfmon pebs bts rep_good xtopology nonstop_tsc aperfmperf pni pclmulqdq dtes64 monitor ds_cpl vmx smx est tm2 ssse3 cx16 xtpr pdcm pcid dca sse4_1 sse4_2 x2apic popcnt tsc_deadline_timer aes xsave avx lahf_lm ida arat xsaveopt pln pts dts tpr_shadow vnmi flexpriority ept vpid
bogomips	: 4799.32
clflush size	: 64
cache_alignment	: 64
address sizes	: 46 bits physical, 48 bits virtual
power management:

processor	: 10
vendor_id	: GenuineIntel
cpu family	: 6
model		: 45
model name	: Intel(R) Xeon(R) CPU E5-2665 0 @ 2.40GHz
stepping	: 7
microcode	: 1808
cpu MHz		: 2399.866
cache size	: 20480 KB
physical id	: 1
siblings	: 8
core id		: 2
cpu cores	: 8
apicid		: 36
initial apicid	: 36
fpu		: yes
fpu_exception	: yes
cpuid level	: 13
wp		: yes
flags		: fpu vme de pse tsc msr pae mce cx8 apic sep mtrr pge mca cmov pat pse36 clflush dts acpi mmx fxsr sse sse2 ss ht tm pbe syscall nx pdpe1gb rdtscp lm constant_tsc arch_perfmon pebs bts rep_good xtopology nonstop_tsc aperfmperf pni pclmulqdq dtes64 monitor ds_cpl vmx smx est tm2 ssse3 cx16 xtpr pdcm pcid dca sse4_1 sse4_2 x2apic popcnt tsc_deadline_timer aes xsave avx lahf_lm ida arat xsaveopt pln pts dts tpr_shadow vnmi flexpriority ept vpid
bogomips	: 4799.32
clflush size	: 64
cache_alignment	: 64
address sizes	: 46 bits physical, 48 bits virtual
power management:

processor	: 11
vendor_id	: GenuineIntel
cpu family	: 6
model		: 45
model name	: Intel(R) Xeon(R) CPU E5-2665 0 @ 2.40GHz
stepping	: 7
microcode	: 1808
cpu MHz		: 2399.866
cache size	: 20480 KB
physical id	: 1
siblings	: 8
core id		: 3
cpu cores	: 8
apicid		: 38
initial apicid	: 38
fpu		: yes
fpu_exception	: yes
cpuid level	: 13
wp		: yes
flags		: fpu vme de pse tsc msr pae mce cx8 apic sep mtrr pge mca cmov pat pse36 clflush dts acpi mmx fxsr sse sse2 ss ht tm pbe syscall nx pdpe1gb rdtscp lm constant_tsc arch_perfmon pebs bts rep_good xtopology nonstop_tsc aperfmperf pni pclmulqdq dtes64 monitor ds_cpl vmx smx est tm2 ssse3 cx16 xtpr pdcm pcid dca sse4_1 sse4_2 x2apic popcnt tsc_deadline_timer aes xsave avx lahf_lm ida arat xsaveopt pln pts dts tpr_shadow vnmi flexpriority ept vpid
bogomips	: 4799.32
clflush size	: 64
cache_alignment	: 64
address sizes	: 46 bits physical, 48 bits virtual
power management:

processor	: 12
vendor_id	: GenuineIntel
cpu family	: 6
model		: 45
model name	: Intel(R) Xeon(R) CPU E5-2665 0 @ 2.40GHz
stepping	: 7
microcode	: 1808
cpu MHz		: 2399.866
cache size	: 20480 KB
physical id	: 1
siblings	: 8
core id		: 4
cpu cores	: 8
apicid		: 40
initial apicid	: 40
fpu		: yes
fpu_exception	: yes
cpuid level	: 13
wp		: yes
flags		: fpu vme de pse tsc msr pae mce cx8 apic sep mtrr pge mca cmov pat pse36 clflush dts acpi mmx fxsr sse sse2 ss ht tm pbe syscall nx pdpe1gb rdtscp lm constant_tsc arch_perfmon pebs bts rep_good xtopology nonstop_tsc aperfmperf pni pclmulqdq dtes64 monitor ds_cpl vmx smx est tm2 ssse3 cx16 xtpr pdcm pcid dca sse4_1 sse4_2 x2apic popcnt tsc_deadline_timer aes xsave avx lahf_lm ida arat xsaveopt pln pts dts tpr_shadow vnmi flexpriority ept vpid
bogomips	: 4799.32
clflush size	: 64
cache_alignment	: 64
address sizes	: 46 bits physical, 48 bits virtual
power management:

processor	: 13
vendor_id	: GenuineIntel
cpu family	: 6
model		: 45
model name	: Intel(R) Xeon(R) CPU E5-2665 0 @ 2.40GHz
stepping	: 7
microcode	: 1808
cpu MHz		: 2399.866
cache size	: 20480 KB
physical id	: 1
siblings	: 8
core id		: 5
cpu cores	: 8
apicid		: 42
initial apicid	: 42
fpu		: yes
fpu_exception	: yes
cpuid level	: 13
wp		: yes
flags		: fpu vme de pse tsc msr pae mce cx8 apic sep mtrr pge mca cmov pat pse36 clflush dts acpi mmx fxsr sse sse2 ss ht tm pbe syscall nx pdpe1gb rdtscp lm constant_tsc arch_perfmon pebs bts rep_good xtopology nonstop_tsc aperfmperf pni pclmulqdq dtes64 monitor ds_cpl vmx smx est tm2 ssse3 cx16 xtpr pdcm pcid dca sse4_1 sse4_2 x2apic popcnt tsc_deadline_timer aes xsave avx lahf_lm ida arat xsaveopt pln pts dts tpr_shadow vnmi flexpriority ept vpid
bogomips	: 4799.32
clflush size	: 64
cache_alignment	: 64
address sizes	: 46 bits physical, 48 bits virtual
power management:

processor	: 14
vendor_id	: GenuineIntel
cpu family	: 6
model		: 45
model name	: Intel(R) Xeon(R) CPU E5-2665 0 @ 2.40GHz
stepping	: 7
microcode	: 1808
cpu MHz		: 2399.866
cache size	: 20480 KB
physical id	: 1
siblings	: 8
core id		: 6
cpu cores	: 8
apicid		: 44
initial apicid	: 44
fpu		: yes
fpu_exception	: yes
cpuid level	: 13
wp		: yes
flags		: fpu vme de pse tsc msr pae mce cx8 apic sep mtrr pge mca cmov pat pse36 clflush dts acpi mmx fxsr sse sse2 ss ht tm pbe syscall nx pdpe1gb rdtscp lm constant_tsc arch_perfmon pebs bts rep_good xtopology nonstop_tsc aperfmperf pni pclmulqdq dtes64 monitor ds_cpl vmx smx est tm2 ssse3 cx16 xtpr pdcm pcid dca sse4_1 sse4_2 x2apic popcnt tsc_deadline_timer aes xsave avx lahf_lm ida arat xsaveopt pln pts dts tpr_shadow vnmi flexpriority ept vpid
bogomips	: 4799.32
clflush size	: 64
cache_alignment	: 64
address sizes	: 46 bits physical, 48 bits virtual
power management:

processor	: 15
vendor_id	: GenuineIntel
cpu family	: 6
model		: 45
model name	: Intel(R) Xeon(R) CPU E5-2665 0 @ 2.40GHz
stepping	: 7
microcode	: 1808
cpu MHz		: 2399.866
cache size	: 20480 KB
physical id	: 1
siblings	: 8
core id		: 7
cpu cores	: 8
apicid		: 46
initial apicid	: 46
fpu		: yes
fpu_exception	: yes
cpuid level	: 13
wp		: yes
flags		: fpu vme de pse tsc msr pae mce cx8 apic sep mtrr pge mca cmov pat pse36 clflush dts acpi mmx fxsr sse sse2 ss ht tm pbe syscall nx pdpe1gb rdtscp lm constant_tsc arch_perfmon pebs bts rep_good xtopology nonstop_tsc aperfmperf pni pclmulqdq dtes64 monitor ds_cpl vmx smx est tm2 ssse3 cx16 xtpr pdcm pcid dca sse4_1 sse4_2 x2apic popcnt tsc_deadline_timer aes xsave avx lahf_lm ida arat xsaveopt pln pts dts tpr_shadow vnmi flexpriority ept vpid
bogomips	: 4799.32
clflush size	: 64
cache_alignment	: 64
address sizes	: 46 bits physical, 48 bits virtual
power management:



Memory: 4k page, physical 65877600k(254612k free), swap 1048572k(736032k free)

vm_info: Java HotSpot(TM) 64-Bit Server VM (25.71-b15) for linux-amd64 JRE (1.8.0_71-b15), built on Dec 22 2015 18:21:33 by "java_re" with gcc 4.3.0 20080428 (Red Hat 4.3.0-8)

time: Mon Apr 10 13:51:06 2017
elapsed time: 6024 seconds (0d 1h 40m 24s)

